<?xml version="1.0" encoding="UTF-8"?>
<!-- Generated by org.testng.reporters.JUnitReportReporter -->
<testsuite hostname="LAPTOP-3660PK51" failures="0" tests="1" name="testNG.AccountTest" time="0.000" errors="0" timestamp="23 mai. 2023 18:16:15 GMT" skipped="0">
  <testcase classname="testNG.AccountTest" name="CheckingAccountTest1" time="0.000"/>
</testsuite> <!-- testNG.AccountTest -->
