<?xml version="1.0" encoding="UTF-8"?>
<!-- Generated by org.testng.reporters.JUnitReportReporter -->
<testsuite hostname="LAPTOP-3660PK51" failures="0" tests="1" name="testNG.LoanTest" time="0.004" errors="0" timestamp="23 mai. 2023 18:16:15 GMT" skipped="0">
  <testcase classname="testNG.LoanTest" name="PersonalLoanTest1" time="0.004"/>
</testsuite> <!-- testNG.LoanTest -->
