<?xml version="1.0" encoding="UTF-8"?>
<!-- Generated by org.testng.reporters.JUnitReportReporter -->
<testsuite hostname="LAPTOP-3660PK51" failures="0" tests="1" name="wdTestNG.HomePageTest" time="6.674" errors="0" timestamp="24 mai. 2023 18:08:25 GMT" skipped="0">
  <testcase classname="wdTestNG.HomePageTest" name="Test1" time="6.674"/>
</testsuite> <!-- wdTestNG.HomePageTest -->
