<?xml version="1.0" encoding="UTF-8"?>
<!-- Generated by org.testng.reporters.JUnitReportReporter -->
<testsuite hostname="LAPTOP-3660PK51" failures="0" tests="2" name="wdTestNG.SimplilearnLogin" time="35.489" errors="0" timestamp="24 mai. 2023 18:08:25 GMT" skipped="0">
  <testcase classname="wdTestNG.SimplilearnLogin" name="NegativeTest" time="17.968"/>
  <testcase classname="wdTestNG.SimplilearnLogin" name="PositiveTest" time="17.521"/>
</testsuite> <!-- wdTestNG.SimplilearnLogin -->
