<?xml version="1.0" encoding="UTF-8"?>
<!-- Generated by org.testng.reporters.JUnitReportReporter -->
<testsuite hostname="LAPTOP-3660PK51" failures="0" tests="1" name="wdTestNG.HomePageTest" time="5.386" errors="0" timestamp="26 mai 2023 18:16:44 GMT" skipped="0">
  <testcase classname="wdTestNG.HomePageTest" name="Test1" time="5.386"/>
</testsuite> <!-- wdTestNG.HomePageTest -->
