<?xml version="1.0" encoding="UTF-8"?>
<!-- Generated by org.testng.reporters.JUnitReportReporter -->
<testsuite hostname="LAPTOP-3660PK51" failures="0" tests="2" name="wdTestNG.SimplilearnLogin" time="50.805" errors="0" timestamp="26 mai 2023 18:16:44 GMT" skipped="0">
  <testcase classname="wdTestNG.SimplilearnLogin" name="PositiveTest" time="29.464"/>
  <testcase classname="wdTestNG.SimplilearnLogin" name="NegativeTest" time="21.341"/>
</testsuite> <!-- wdTestNG.SimplilearnLogin -->
